0    [main] INFO  org.quartz.impl.StdSchedulerFactory  - Using default implementation for ThreadExecutor
5    [main] INFO  org.quartz.simpl.SimpleThreadPool  - Job execution threads will use class loader of thread: main
18   [main] INFO  org.quartz.core.SchedulerSignalerImpl  - Initialized Scheduler Signaller of type: class org.quartz.core.SchedulerSignalerImpl
21   [main] INFO  org.quartz.core.QuartzScheduler  - Quartz Scheduler v.2.2.1 created.
24   [main] INFO  org.quartz.simpl.RAMJobStore  - RAMJobStore initialized.
25   [main] INFO  org.quartz.core.QuartzScheduler  - Scheduler meta-data: Quartz Scheduler (v2.2.1) 'DefaultQuartzScheduler' with instanceId 'NON_CLUSTERED'
  Scheduler class: 'org.quartz.core.QuartzScheduler' - running locally.
  NOT STARTED.
  Currently in standby mode.
  Number of jobs executed: 0
  Using thread pool 'org.quartz.simpl.SimpleThreadPool' - with 10 threads.
  Using job-store 'org.quartz.simpl.RAMJobStore' - which does not support persistence. and is not clustered.

26   [main] INFO  org.quartz.impl.StdSchedulerFactory  - Quartz scheduler 'DefaultQuartzScheduler' initialized from default resource file in Quartz package: 'quartz.properties'
26   [main] INFO  org.quartz.impl.StdSchedulerFactory  - Quartz scheduler version: 2.2.1
26   [main] INFO  org.quartz.core.QuartzScheduler  - Scheduler DefaultQuartzScheduler_$_NON_CLUSTERED started.
48   [DefaultQuartzScheduler_Worker-1] INFO  org.quartz.core.QuartzScheduler  - Scheduler DefaultQuartzScheduler_$_NON_CLUSTERED started.
52   [DefaultQuartzScheduler_Worker-2] INFO  org.quartz.core.QuartzScheduler  - Scheduler DefaultQuartzScheduler_$_NON_CLUSTERED started.
312  [DefaultQuartzScheduler_Worker-4] INFO  Get_url  - http://www.uniroma2.it,2016-09-13T11:17:14.484+02:00
356  [DefaultQuartzScheduler_Worker-3] INFO  Get_url  - http://www.google.it,2016-09-13T11:17:14.484+02:00
17078 [DefaultQuartzScheduler_Worker-5] INFO  Get_url  - http://www.google.it,2016-09-13T11:17:31.284+02:00
18976 [DefaultQuartzScheduler_Worker-6] INFO  Get_url  - http://www.uniroma2.it,2016-09-13T11:17:33.291+02:00
34103 [DefaultQuartzScheduler_Worker-7] INFO  Get_url  - http://www.google.it,2016-09-13T11:17:48.284+02:00
38072 [DefaultQuartzScheduler_Worker-8] INFO  Get_url  - http://www.uniroma2.it,2016-09-13T11:17:52.290+02:00
51074 [DefaultQuartzScheduler_Worker-9] INFO  Get_url  - http://www.google.it,2016-09-13T11:18:05.284+02:00
56973 [DefaultQuartzScheduler_Worker-10] INFO  Get_url  - http://www.uniroma2.it,2016-09-13T11:18:11.291+02:00
0    [main] INFO  org.quartz.impl.StdSchedulerFactory  - Using default implementation for ThreadExecutor
7    [main] INFO  org.quartz.simpl.SimpleThreadPool  - Job execution threads will use class loader of thread: main
23   [main] INFO  org.quartz.core.SchedulerSignalerImpl  - Initialized Scheduler Signaller of type: class org.quartz.core.SchedulerSignalerImpl
24   [main] INFO  org.quartz.core.QuartzScheduler  - Quartz Scheduler v.2.2.1 created.
25   [main] INFO  org.quartz.simpl.RAMJobStore  - RAMJobStore initialized.
26   [main] INFO  org.quartz.core.QuartzScheduler  - Scheduler meta-data: Quartz Scheduler (v2.2.1) 'DefaultQuartzScheduler' with instanceId 'NON_CLUSTERED'
  Scheduler class: 'org.quartz.core.QuartzScheduler' - running locally.
  NOT STARTED.
  Currently in standby mode.
  Number of jobs executed: 0
  Using thread pool 'org.quartz.simpl.SimpleThreadPool' - with 10 threads.
  Using job-store 'org.quartz.simpl.RAMJobStore' - which does not support persistence. and is not clustered.

26   [main] INFO  org.quartz.impl.StdSchedulerFactory  - Quartz scheduler 'DefaultQuartzScheduler' initialized from default resource file in Quartz package: 'quartz.properties'
26   [main] INFO  org.quartz.impl.StdSchedulerFactory  - Quartz scheduler version: 2.2.1
26   [main] INFO  org.quartz.core.QuartzScheduler  - Scheduler DefaultQuartzScheduler_$_NON_CLUSTERED started.
50   [DefaultQuartzScheduler_Worker-1] INFO  org.quartz.core.QuartzScheduler  - Scheduler DefaultQuartzScheduler_$_NON_CLUSTERED started.
51   [DefaultQuartzScheduler_Worker-2] INFO  org.quartz.core.QuartzScheduler  - Scheduler DefaultQuartzScheduler_$_NON_CLUSTERED started.
303  [DefaultQuartzScheduler_Worker-3] INFO  Get_url  - http://www.google.it,2016-09-13T11:18:30.844+02:00
303  [DefaultQuartzScheduler_Worker-4] INFO  Get_url  - http://www.uniroma2.it,2016-09-13T11:18:30.844+02:00
0    [main] INFO  org.quartz.impl.StdSchedulerFactory  - Using default implementation for ThreadExecutor
4    [main] INFO  org.quartz.simpl.SimpleThreadPool  - Job execution threads will use class loader of thread: main
16   [main] INFO  org.quartz.core.SchedulerSignalerImpl  - Initialized Scheduler Signaller of type: class org.quartz.core.SchedulerSignalerImpl
20   [main] INFO  org.quartz.core.QuartzScheduler  - Quartz Scheduler v.2.2.1 created.
22   [main] INFO  org.quartz.simpl.RAMJobStore  - RAMJobStore initialized.
23   [main] INFO  org.quartz.core.QuartzScheduler  - Scheduler meta-data: Quartz Scheduler (v2.2.1) 'DefaultQuartzScheduler' with instanceId 'NON_CLUSTERED'
  Scheduler class: 'org.quartz.core.QuartzScheduler' - running locally.
  NOT STARTED.
  Currently in standby mode.
  Number of jobs executed: 0
  Using thread pool 'org.quartz.simpl.SimpleThreadPool' - with 10 threads.
  Using job-store 'org.quartz.simpl.RAMJobStore' - which does not support persistence. and is not clustered.

23   [main] INFO  org.quartz.impl.StdSchedulerFactory  - Quartz scheduler 'DefaultQuartzScheduler' initialized from default resource file in Quartz package: 'quartz.properties'
23   [main] INFO  org.quartz.impl.StdSchedulerFactory  - Quartz scheduler version: 2.2.1
24   [main] INFO  org.quartz.core.QuartzScheduler  - Scheduler DefaultQuartzScheduler_$_NON_CLUSTERED started.
0    [main] INFO  org.quartz.impl.StdSchedulerFactory  - Using default implementation for ThreadExecutor
10   [main] INFO  org.quartz.simpl.SimpleThreadPool  - Job execution threads will use class loader of thread: main
27   [main] INFO  org.quartz.core.SchedulerSignalerImpl  - Initialized Scheduler Signaller of type: class org.quartz.core.SchedulerSignalerImpl
28   [main] INFO  org.quartz.core.QuartzScheduler  - Quartz Scheduler v.2.2.1 created.
29   [main] INFO  org.quartz.simpl.RAMJobStore  - RAMJobStore initialized.
30   [main] INFO  org.quartz.core.QuartzScheduler  - Scheduler meta-data: Quartz Scheduler (v2.2.1) 'DefaultQuartzScheduler' with instanceId 'NON_CLUSTERED'
  Scheduler class: 'org.quartz.core.QuartzScheduler' - running locally.
  NOT STARTED.
  Currently in standby mode.
  Number of jobs executed: 0
  Using thread pool 'org.quartz.simpl.SimpleThreadPool' - with 10 threads.
  Using job-store 'org.quartz.simpl.RAMJobStore' - which does not support persistence. and is not clustered.

30   [main] INFO  org.quartz.impl.StdSchedulerFactory  - Quartz scheduler 'DefaultQuartzScheduler' initialized from default resource file in Quartz package: 'quartz.properties'
30   [main] INFO  org.quartz.impl.StdSchedulerFactory  - Quartz scheduler version: 2.2.1
31   [main] INFO  org.quartz.core.QuartzScheduler  - Scheduler DefaultQuartzScheduler_$_NON_CLUSTERED started.
50   [DefaultQuartzScheduler_Worker-1] INFO  org.quartz.core.QuartzScheduler  - Scheduler DefaultQuartzScheduler_$_NON_CLUSTERED started.
374  [DefaultQuartzScheduler_Worker-2] INFO  Get_url  - http://www.google.it,2016-09-13T11:21:44.427+02:00
17103 [DefaultQuartzScheduler_Worker-3] INFO  Get_url  - http://www.google.it,2016-09-13T11:22:01.225+02:00
34056 [DefaultQuartzScheduler_Worker-4] INFO  Get_url  - http://www.google.it,2016-09-13T11:22:18.226+02:00
51071 [DefaultQuartzScheduler_Worker-5] INFO  Get_url  - http://www.google.it,2016-09-13T11:22:35.225+02:00
68058 [DefaultQuartzScheduler_Worker-6] INFO  Get_url  - http://www.google.it,2016-09-13T11:22:52.225+02:00
85073 [DefaultQuartzScheduler_Worker-7] INFO  Get_url  - http://www.google.it,2016-09-13T11:23:09.225+02:00
102105 [DefaultQuartzScheduler_Worker-8] INFO  Get_url  - http://www.google.it,2016-09-13T11:23:26.225+02:00
119072 [DefaultQuartzScheduler_Worker-9] INFO  Get_url  - http://www.google.it,2016-09-13T11:23:43.225+02:00
136055 [DefaultQuartzScheduler_Worker-10] INFO  Get_url  - http://www.google.it,2016-09-13T11:24:00.225+02:00
153052 [DefaultQuartzScheduler_Worker-1] INFO  Get_url  - http://www.google.it,2016-09-13T11:24:17.225+02:00
